<?xml version="1.0" encoding="UTF-8"?>
<testsuite xmlns:xsi="http://www.w3.org/2001/XMLSchema-instance" xsi:noNamespaceSchemaLocation="https://maven.apache.org/surefire/maven-surefire-plugin/xsd/surefire-test-report.xsd" name="com.chl.AppTest" time="0.008" tests="1" errors="0" skipped="0" failures="0">
  <properties>
    <property name="sun.desktop" value="windows"/>
    <property name="awt.toolkit" value="sun.awt.windows.WToolkit"/>
    <property name="file.encoding.pkg" value="sun.io"/>
    <property name="java.specification.version" value="1.8"/>
    <property name="sun.cpu.isalist" value="amd64"/>
    <property name="sun.jnu.encoding" value="GBK"/>
    <property name="java.class.path" value="F:\练习\dubboPractise\shop-system\user-service\target\test-classes;F:\练习\dubboPractise\shop-system\user-service\target\classes;F:\练习\dubboPractise\shop-system\system-interface\target\system-interface-1.0-SNAPSHOT.jar;F:\练习\dubboPractise\shop-system\system-pojo\target\system-pojo-1.0-SNAPSHOT.jar;E:\WEB\meavn\repository\junit\junit\4.11\junit-4.11.jar;E:\WEB\meavn\repository\org\hamcrest\hamcrest-core\1.3\hamcrest-core-1.3.jar;E:\WEB\meavn\repository\com\alibaba\spring\boot\dubbo-spring-boot-starter\2.0.0\dubbo-spring-boot-starter-2.0.0.jar;E:\WEB\meavn\repository\com\alibaba\dubbo\2.6.0\dubbo-2.6.0.jar;E:\WEB\meavn\repository\org\javassist\javassist\3.20.0-GA\javassist-3.20.0-GA.jar;E:\WEB\meavn\repository\org\jboss\netty\netty\3.2.5.Final\netty-3.2.5.Final.jar;E:\WEB\meavn\repository\org\springframework\boot\spring-boot-starter\2.0.7.RELEASE\spring-boot-starter-2.0.7.RELEASE.jar;E:\WEB\meavn\repository\org\springframework\boot\spring-boot\2.0.7.RELEASE\spring-boot-2.0.7.RELEASE.jar;E:\WEB\meavn\repository\org\springframework\boot\spring-boot-autoconfigure\2.0.7.RELEASE\spring-boot-autoconfigure-2.0.7.RELEASE.jar;E:\WEB\meavn\repository\org\springframework\boot\spring-boot-starter-logging\2.0.7.RELEASE\spring-boot-starter-logging-2.0.7.RELEASE.jar;E:\WEB\meavn\repository\ch\qos\logback\logback-classic\1.2.3\logback-classic-1.2.3.jar;E:\WEB\meavn\repository\ch\qos\logback\logback-core\1.2.3\logback-core-1.2.3.jar;E:\WEB\meavn\repository\org\slf4j\jul-to-slf4j\1.7.25\jul-to-slf4j-1.7.25.jar;E:\WEB\meavn\repository\javax\annotation\javax.annotation-api\1.3.2\javax.annotation-api-1.3.2.jar;E:\WEB\meavn\repository\org\springframework\spring-core\5.0.11.RELEASE\spring-core-5.0.11.RELEASE.jar;E:\WEB\meavn\repository\org\springframework\spring-jcl\5.0.11.RELEASE\spring-jcl-5.0.11.RELEASE.jar;E:\WEB\meavn\repository\org\yaml\snakeyaml\1.19\snakeyaml-1.19.jar;E:\WEB\meavn\repository\org\apache\zookeeper\zookeeper\3.4.14\zookeeper-3.4.14.jar;E:\WEB\meavn\repository\org\slf4j\slf4j-api\1.7.25\slf4j-api-1.7.25.jar;E:\WEB\meavn\repository\com\github\spotbugs\spotbugs-annotations\3.1.9\spotbugs-annotations-3.1.9.jar;E:\WEB\meavn\repository\com\google\code\findbugs\jsr305\3.0.2\jsr305-3.0.2.jar;E:\WEB\meavn\repository\jline\jline\0.9.94\jline-0.9.94.jar;E:\WEB\meavn\repository\org\apache\yetus\audience-annotations\0.5.0\audience-annotations-0.5.0.jar;E:\WEB\meavn\repository\io\netty\netty\3.10.6.Final\netty-3.10.6.Final.jar;E:\WEB\meavn\repository\com\101tec\zkclient\0.9\zkclient-0.9.jar;E:\WEB\meavn\repository\log4j\log4j\1.2.15\log4j-1.2.15.jar;E:\WEB\meavn\repository\javax\mail\mail\1.4\mail-1.4.jar;E:\WEB\meavn\repository\javax\activation\activation\1.1\activation-1.1.jar;E:\WEB\meavn\repository\org\springframework\boot\spring-boot-starter-actuator\2.0.7.RELEASE\spring-boot-starter-actuator-2.0.7.RELEASE.jar;E:\WEB\meavn\repository\org\springframework\boot\spring-boot-actuator-autoconfigure\2.0.7.RELEASE\spring-boot-actuator-autoconfigure-2.0.7.RELEASE.jar;E:\WEB\meavn\repository\org\springframework\boot\spring-boot-actuator\2.0.7.RELEASE\spring-boot-actuator-2.0.7.RELEASE.jar;E:\WEB\meavn\repository\com\fasterxml\jackson\core\jackson-databind\2.9.7\jackson-databind-2.9.7.jar;E:\WEB\meavn\repository\com\fasterxml\jackson\core\jackson-annotations\2.9.0\jackson-annotations-2.9.0.jar;E:\WEB\meavn\repository\com\fasterxml\jackson\core\jackson-core\2.9.7\jackson-core-2.9.7.jar;E:\WEB\meavn\repository\com\fasterxml\jackson\datatype\jackson-datatype-jsr310\2.9.7\jackson-datatype-jsr310-2.9.7.jar;E:\WEB\meavn\repository\io\micrometer\micrometer-core\1.0.8\micrometer-core-1.0.8.jar;E:\WEB\meavn\repository\org\hdrhistogram\HdrHistogram\2.1.10\HdrHistogram-2.1.10.jar;E:\WEB\meavn\repository\org\latencyutils\LatencyUtils\2.0.3\LatencyUtils-2.0.3.jar;E:\WEB\meavn\repository\org\apache\rocketmq\rocketmq-common\4.5.1\rocketmq-common-4.5.1.jar;E:\WEB\meavn\repository\org\apache\rocketmq\rocketmq-remoting\4.5.1\rocketmq-remoting-4.5.1.jar;E:\WEB\meavn\repository\org\apache\rocketmq\rocketmq-logging\4.5.1\rocketmq-logging-4.5.1.jar;E:\WEB\meavn\repository\io\netty\netty-tcnative-boringssl-static\1.1.33.Fork26\netty-tcnative-boringssl-static-1.1.33.Fork26.jar;E:\WEB\meavn\repository\org\apache\commons\commons-lang3\3.7\commons-lang3-3.7.jar;E:\WEB\meavn\repository\org\apache\rocketmq\rocketmq-client\4.5.1\rocketmq-client-4.5.1.jar;E:\WEB\meavn\repository\org\springframework\boot\spring-boot-starter-web\2.0.7.RELEASE\spring-boot-starter-web-2.0.7.RELEASE.jar;E:\WEB\meavn\repository\org\springframework\boot\spring-boot-starter-json\2.0.7.RELEASE\spring-boot-starter-json-2.0.7.RELEASE.jar;E:\WEB\meavn\repository\com\fasterxml\jackson\datatype\jackson-datatype-jdk8\2.9.7\jackson-datatype-jdk8-2.9.7.jar;E:\WEB\meavn\repository\com\fasterxml\jackson\module\jackson-module-parameter-names\2.9.7\jackson-module-parameter-names-2.9.7.jar;E:\WEB\meavn\repository\org\springframework\boot\spring-boot-starter-tomcat\2.0.7.RELEASE\spring-boot-starter-tomcat-2.0.7.RELEASE.jar;E:\WEB\meavn\repository\org\apache\tomcat\embed\tomcat-embed-core\8.5.35\tomcat-embed-core-8.5.35.jar;E:\WEB\meavn\repository\org\apache\tomcat\embed\tomcat-embed-el\8.5.35\tomcat-embed-el-8.5.35.jar;E:\WEB\meavn\repository\org\apache\tomcat\embed\tomcat-embed-websocket\8.5.35\tomcat-embed-websocket-8.5.35.jar;E:\WEB\meavn\repository\org\hibernate\validator\hibernate-validator\6.0.13.Final\hibernate-validator-6.0.13.Final.jar;E:\WEB\meavn\repository\javax\validation\validation-api\2.0.1.Final\validation-api-2.0.1.Final.jar;E:\WEB\meavn\repository\org\jboss\logging\jboss-logging\3.3.2.Final\jboss-logging-3.3.2.Final.jar;E:\WEB\meavn\repository\com\fasterxml\classmate\1.3.4\classmate-1.3.4.jar;E:\WEB\meavn\repository\org\springframework\spring-web\5.0.11.RELEASE\spring-web-5.0.11.RELEASE.jar;E:\WEB\meavn\repository\org\springframework\spring-webmvc\5.0.11.RELEASE\spring-webmvc-5.0.11.RELEASE.jar;E:\WEB\meavn\repository\org\springframework\spring-expression\5.0.11.RELEASE\spring-expression-5.0.11.RELEASE.jar;E:\WEB\meavn\repository\org\springframework\boot\spring-boot-starter-thymeleaf\2.0.7.RELEASE\spring-boot-starter-thymeleaf-2.0.7.RELEASE.jar;E:\WEB\meavn\repository\org\thymeleaf\thymeleaf-spring5\3.0.11.RELEASE\thymeleaf-spring5-3.0.11.RELEASE.jar;E:\WEB\meavn\repository\org\thymeleaf\thymeleaf\3.0.11.RELEASE\thymeleaf-3.0.11.RELEASE.jar;E:\WEB\meavn\repository\org\attoparser\attoparser\2.0.5.RELEASE\attoparser-2.0.5.RELEASE.jar;E:\WEB\meavn\repository\org\unbescape\unbescape\1.1.6.RELEASE\unbescape-1.1.6.RELEASE.jar;E:\WEB\meavn\repository\org\thymeleaf\extras\thymeleaf-extras-java8time\3.0.2.RELEASE\thymeleaf-extras-java8time-3.0.2.RELEASE.jar;E:\WEB\meavn\repository\org\springframework\boot\spring-boot-starter-test\2.0.7.RELEASE\spring-boot-starter-test-2.0.7.RELEASE.jar;E:\WEB\meavn\repository\org\springframework\boot\spring-boot-test\2.0.7.RELEASE\spring-boot-test-2.0.7.RELEASE.jar;E:\WEB\meavn\repository\org\springframework\boot\spring-boot-test-autoconfigure\2.0.7.RELEASE\spring-boot-test-autoconfigure-2.0.7.RELEASE.jar;E:\WEB\meavn\repository\com\jayway\jsonpath\json-path\2.4.0\json-path-2.4.0.jar;E:\WEB\meavn\repository\net\minidev\json-smart\2.3\json-smart-2.3.jar;E:\WEB\meavn\repository\net\minidev\accessors-smart\1.2\accessors-smart-1.2.jar;E:\WEB\meavn\repository\org\assertj\assertj-core\3.9.1\assertj-core-3.9.1.jar;E:\WEB\meavn\repository\org\mockito\mockito-core\2.15.0\mockito-core-2.15.0.jar;E:\WEB\meavn\repository\net\bytebuddy\byte-buddy\1.7.11\byte-buddy-1.7.11.jar;E:\WEB\meavn\repository\net\bytebuddy\byte-buddy-agent\1.7.11\byte-buddy-agent-1.7.11.jar;E:\WEB\meavn\repository\org\objenesis\objenesis\2.6\objenesis-2.6.jar;E:\WEB\meavn\repository\org\hamcrest\hamcrest-library\1.3\hamcrest-library-1.3.jar;E:\WEB\meavn\repository\org\skyscreamer\jsonassert\1.5.0\jsonassert-1.5.0.jar;E:\WEB\meavn\repository\com\vaadin\external\google\android-json\0.0.20131108.vaadin1\android-json-0.0.20131108.vaadin1.jar;E:\WEB\meavn\repository\org\springframework\spring-test\5.0.11.RELEASE\spring-test-5.0.11.RELEASE.jar;E:\WEB\meavn\repository\org\xmlunit\xmlunit-core\2.5.1\xmlunit-core-2.5.1.jar;E:\WEB\meavn\repository\org\projectlombok\lombok\1.18.6\lombok-1.18.6.jar;E:\WEB\meavn\repository\org\mybatis\spring\boot\mybatis-spring-boot-starter\1.3.2\mybatis-spring-boot-starter-1.3.2.jar;E:\WEB\meavn\repository\org\springframework\boot\spring-boot-starter-jdbc\2.0.7.RELEASE\spring-boot-starter-jdbc-2.0.7.RELEASE.jar;E:\WEB\meavn\repository\com\zaxxer\HikariCP\2.7.9\HikariCP-2.7.9.jar;E:\WEB\meavn\repository\org\springframework\spring-jdbc\5.0.11.RELEASE\spring-jdbc-5.0.11.RELEASE.jar;E:\WEB\meavn\repository\org\mybatis\spring\boot\mybatis-spring-boot-autoconfigure\1.3.2\mybatis-spring-boot-autoconfigure-1.3.2.jar;E:\WEB\meavn\repository\org\mybatis\mybatis\3.4.6\mybatis-3.4.6.jar;E:\WEB\meavn\repository\org\mybatis\mybatis-spring\1.3.2\mybatis-spring-1.3.2.jar;E:\WEB\meavn\repository\org\springframework\boot\spring-boot-starter-data-redis\2.0.7.RELEASE\spring-boot-starter-data-redis-2.0.7.RELEASE.jar;E:\WEB\meavn\repository\org\springframework\data\spring-data-redis\2.0.12.RELEASE\spring-data-redis-2.0.12.RELEASE.jar;E:\WEB\meavn\repository\org\springframework\data\spring-data-keyvalue\2.0.12.RELEASE\spring-data-keyvalue-2.0.12.RELEASE.jar;E:\WEB\meavn\repository\org\springframework\data\spring-data-commons\2.0.12.RELEASE\spring-data-commons-2.0.12.RELEASE.jar;E:\WEB\meavn\repository\org\springframework\spring-tx\5.0.11.RELEASE\spring-tx-5.0.11.RELEASE.jar;E:\WEB\meavn\repository\org\springframework\spring-oxm\5.0.11.RELEASE\spring-oxm-5.0.11.RELEASE.jar;E:\WEB\meavn\repository\org\springframework\spring-context-support\5.0.11.RELEASE\spring-context-support-5.0.11.RELEASE.jar;E:\WEB\meavn\repository\io\lettuce\lettuce-core\5.0.5.RELEASE\lettuce-core-5.0.5.RELEASE.jar;E:\WEB\meavn\repository\io\projectreactor\reactor-core\3.1.12.RELEASE\reactor-core-3.1.12.RELEASE.jar;E:\WEB\meavn\repository\org\reactivestreams\reactive-streams\1.0.2\reactive-streams-1.0.2.jar;E:\WEB\meavn\repository\io\netty\netty-common\4.1.31.Final\netty-common-4.1.31.Final.jar;E:\WEB\meavn\repository\io\netty\netty-transport\4.1.31.Final\netty-transport-4.1.31.Final.jar;E:\WEB\meavn\repository\io\netty\netty-buffer\4.1.31.Final\netty-buffer-4.1.31.Final.jar;E:\WEB\meavn\repository\io\netty\netty-resolver\4.1.31.Final\netty-resolver-4.1.31.Final.jar;E:\WEB\meavn\repository\io\netty\netty-handler\4.1.31.Final\netty-handler-4.1.31.Final.jar;E:\WEB\meavn\repository\io\netty\netty-codec\4.1.31.Final\netty-codec-4.1.31.Final.jar;E:\WEB\meavn\repository\mysql\mysql-connector-java\5.1.47\mysql-connector-java-5.1.47.jar;E:\WEB\meavn\repository\com\github\pagehelper\pagehelper\5.1.2\pagehelper-5.1.2.jar;E:\WEB\meavn\repository\com\github\jsqlparser\jsqlparser\1.0\jsqlparser-1.0.jar;E:\WEB\meavn\repository\io\seata\seata-all\1.2.0\seata-all-1.2.0.jar;E:\WEB\meavn\repository\org\springframework\spring-context\5.0.11.RELEASE\spring-context-5.0.11.RELEASE.jar;E:\WEB\meavn\repository\org\springframework\spring-beans\5.0.11.RELEASE\spring-beans-5.0.11.RELEASE.jar;E:\WEB\meavn\repository\org\springframework\spring-aop\5.0.11.RELEASE\spring-aop-5.0.11.RELEASE.jar;E:\WEB\meavn\repository\io\netty\netty-all\4.1.31.Final\netty-all-4.1.31.Final.jar;E:\WEB\meavn\repository\com\alibaba\fastjson\1.2.60\fastjson-1.2.60.jar;E:\WEB\meavn\repository\com\typesafe\config\1.2.1\config-1.2.1.jar;E:\WEB\meavn\repository\commons-lang\commons-lang\2.6\commons-lang-2.6.jar;E:\WEB\meavn\repository\org\apache\commons\commons-pool2\2.5.0\commons-pool2-2.5.0.jar;E:\WEB\meavn\repository\commons-pool\commons-pool\1.6\commons-pool-1.6.jar;E:\WEB\meavn\repository\com\google\protobuf\protobuf-java\3.7.1\protobuf-java-3.7.1.jar;E:\WEB\meavn\repository\cglib\cglib\3.1\cglib-3.1.jar;E:\WEB\meavn\repository\org\ow2\asm\asm\4.2\asm-4.2.jar;E:\WEB\meavn\repository\aopalliance\aopalliance\1.0\aopalliance-1.0.jar;E:\WEB\meavn\repository\com\github\ben-manes\caffeine\caffeine\2.6.2\caffeine-2.6.2.jar;E:\WEB\meavn\repository\org\postgresql\postgresql\42.2.5\postgresql-42.2.5.jar;E:\WEB\meavn\repository\com\alibaba\druid\1.1.10\druid-1.1.10.jar;"/>
    <property name="java.vm.vendor" value="Oracle Corporation"/>
    <property name="sun.arch.data.model" value="64"/>
    <property name="user.variant" value=""/>
    <property name="java.vendor.url" value="http://java.oracle.com/"/>
    <property name="user.timezone" value=""/>
    <property name="java.vm.specification.version" value="1.8"/>
    <property name="os.name" value="Windows 10"/>
    <property name="maven.wagon.http.ssl.allowall" value="true"/>
    <property name="user.country" value="CN"/>
    <property name="sun.java.launcher" value="SUN_STANDARD"/>
    <property name="sun.boot.library.path" value="E:\Java\JDK8_191\jdk1.8.0_191\jre\bin"/>
    <property name="sun.java.command" value="C:\Users\Lenovo\AppData\Local\Temp\surefire1697169468060968264\surefirebooter2565185718841195209.jar C:\Users\Lenovo\AppData\Local\Temp\surefire1697169468060968264 2020-07-25T12-53-41_031-jvmRun1 surefire8852200482140130284tmp surefire_09180399947196607221tmp"/>
    <property name="surefire.test.class.path" value="F:\练习\dubboPractise\shop-system\user-service\target\test-classes;F:\练习\dubboPractise\shop-system\user-service\target\classes;F:\练习\dubboPractise\shop-system\system-interface\target\system-interface-1.0-SNAPSHOT.jar;F:\练习\dubboPractise\shop-system\system-pojo\target\system-pojo-1.0-SNAPSHOT.jar;E:\WEB\meavn\repository\junit\junit\4.11\junit-4.11.jar;E:\WEB\meavn\repository\org\hamcrest\hamcrest-core\1.3\hamcrest-core-1.3.jar;E:\WEB\meavn\repository\com\alibaba\spring\boot\dubbo-spring-boot-starter\2.0.0\dubbo-spring-boot-starter-2.0.0.jar;E:\WEB\meavn\repository\com\alibaba\dubbo\2.6.0\dubbo-2.6.0.jar;E:\WEB\meavn\repository\org\javassist\javassist\3.20.0-GA\javassist-3.20.0-GA.jar;E:\WEB\meavn\repository\org\jboss\netty\netty\3.2.5.Final\netty-3.2.5.Final.jar;E:\WEB\meavn\repository\org\springframework\boot\spring-boot-starter\2.0.7.RELEASE\spring-boot-starter-2.0.7.RELEASE.jar;E:\WEB\meavn\repository\org\springframework\boot\spring-boot\2.0.7.RELEASE\spring-boot-2.0.7.RELEASE.jar;E:\WEB\meavn\repository\org\springframework\boot\spring-boot-autoconfigure\2.0.7.RELEASE\spring-boot-autoconfigure-2.0.7.RELEASE.jar;E:\WEB\meavn\repository\org\springframework\boot\spring-boot-starter-logging\2.0.7.RELEASE\spring-boot-starter-logging-2.0.7.RELEASE.jar;E:\WEB\meavn\repository\ch\qos\logback\logback-classic\1.2.3\logback-classic-1.2.3.jar;E:\WEB\meavn\repository\ch\qos\logback\logback-core\1.2.3\logback-core-1.2.3.jar;E:\WEB\meavn\repository\org\slf4j\jul-to-slf4j\1.7.25\jul-to-slf4j-1.7.25.jar;E:\WEB\meavn\repository\javax\annotation\javax.annotation-api\1.3.2\javax.annotation-api-1.3.2.jar;E:\WEB\meavn\repository\org\springframework\spring-core\5.0.11.RELEASE\spring-core-5.0.11.RELEASE.jar;E:\WEB\meavn\repository\org\springframework\spring-jcl\5.0.11.RELEASE\spring-jcl-5.0.11.RELEASE.jar;E:\WEB\meavn\repository\org\yaml\snakeyaml\1.19\snakeyaml-1.19.jar;E:\WEB\meavn\repository\org\apache\zookeeper\zookeeper\3.4.14\zookeeper-3.4.14.jar;E:\WEB\meavn\repository\org\slf4j\slf4j-api\1.7.25\slf4j-api-1.7.25.jar;E:\WEB\meavn\repository\com\github\spotbugs\spotbugs-annotations\3.1.9\spotbugs-annotations-3.1.9.jar;E:\WEB\meavn\repository\com\google\code\findbugs\jsr305\3.0.2\jsr305-3.0.2.jar;E:\WEB\meavn\repository\jline\jline\0.9.94\jline-0.9.94.jar;E:\WEB\meavn\repository\org\apache\yetus\audience-annotations\0.5.0\audience-annotations-0.5.0.jar;E:\WEB\meavn\repository\io\netty\netty\3.10.6.Final\netty-3.10.6.Final.jar;E:\WEB\meavn\repository\com\101tec\zkclient\0.9\zkclient-0.9.jar;E:\WEB\meavn\repository\log4j\log4j\1.2.15\log4j-1.2.15.jar;E:\WEB\meavn\repository\javax\mail\mail\1.4\mail-1.4.jar;E:\WEB\meavn\repository\javax\activation\activation\1.1\activation-1.1.jar;E:\WEB\meavn\repository\org\springframework\boot\spring-boot-starter-actuator\2.0.7.RELEASE\spring-boot-starter-actuator-2.0.7.RELEASE.jar;E:\WEB\meavn\repository\org\springframework\boot\spring-boot-actuator-autoconfigure\2.0.7.RELEASE\spring-boot-actuator-autoconfigure-2.0.7.RELEASE.jar;E:\WEB\meavn\repository\org\springframework\boot\spring-boot-actuator\2.0.7.RELEASE\spring-boot-actuator-2.0.7.RELEASE.jar;E:\WEB\meavn\repository\com\fasterxml\jackson\core\jackson-databind\2.9.7\jackson-databind-2.9.7.jar;E:\WEB\meavn\repository\com\fasterxml\jackson\core\jackson-annotations\2.9.0\jackson-annotations-2.9.0.jar;E:\WEB\meavn\repository\com\fasterxml\jackson\core\jackson-core\2.9.7\jackson-core-2.9.7.jar;E:\WEB\meavn\repository\com\fasterxml\jackson\datatype\jackson-datatype-jsr310\2.9.7\jackson-datatype-jsr310-2.9.7.jar;E:\WEB\meavn\repository\io\micrometer\micrometer-core\1.0.8\micrometer-core-1.0.8.jar;E:\WEB\meavn\repository\org\hdrhistogram\HdrHistogram\2.1.10\HdrHistogram-2.1.10.jar;E:\WEB\meavn\repository\org\latencyutils\LatencyUtils\2.0.3\LatencyUtils-2.0.3.jar;E:\WEB\meavn\repository\org\apache\rocketmq\rocketmq-common\4.5.1\rocketmq-common-4.5.1.jar;E:\WEB\meavn\repository\org\apache\rocketmq\rocketmq-remoting\4.5.1\rocketmq-remoting-4.5.1.jar;E:\WEB\meavn\repository\org\apache\rocketmq\rocketmq-logging\4.5.1\rocketmq-logging-4.5.1.jar;E:\WEB\meavn\repository\io\netty\netty-tcnative-boringssl-static\1.1.33.Fork26\netty-tcnative-boringssl-static-1.1.33.Fork26.jar;E:\WEB\meavn\repository\org\apache\commons\commons-lang3\3.7\commons-lang3-3.7.jar;E:\WEB\meavn\repository\org\apache\rocketmq\rocketmq-client\4.5.1\rocketmq-client-4.5.1.jar;E:\WEB\meavn\repository\org\springframework\boot\spring-boot-starter-web\2.0.7.RELEASE\spring-boot-starter-web-2.0.7.RELEASE.jar;E:\WEB\meavn\repository\org\springframework\boot\spring-boot-starter-json\2.0.7.RELEASE\spring-boot-starter-json-2.0.7.RELEASE.jar;E:\WEB\meavn\repository\com\fasterxml\jackson\datatype\jackson-datatype-jdk8\2.9.7\jackson-datatype-jdk8-2.9.7.jar;E:\WEB\meavn\repository\com\fasterxml\jackson\module\jackson-module-parameter-names\2.9.7\jackson-module-parameter-names-2.9.7.jar;E:\WEB\meavn\repository\org\springframework\boot\spring-boot-starter-tomcat\2.0.7.RELEASE\spring-boot-starter-tomcat-2.0.7.RELEASE.jar;E:\WEB\meavn\repository\org\apache\tomcat\embed\tomcat-embed-core\8.5.35\tomcat-embed-core-8.5.35.jar;E:\WEB\meavn\repository\org\apache\tomcat\embed\tomcat-embed-el\8.5.35\tomcat-embed-el-8.5.35.jar;E:\WEB\meavn\repository\org\apache\tomcat\embed\tomcat-embed-websocket\8.5.35\tomcat-embed-websocket-8.5.35.jar;E:\WEB\meavn\repository\org\hibernate\validator\hibernate-validator\6.0.13.Final\hibernate-validator-6.0.13.Final.jar;E:\WEB\meavn\repository\javax\validation\validation-api\2.0.1.Final\validation-api-2.0.1.Final.jar;E:\WEB\meavn\repository\org\jboss\logging\jboss-logging\3.3.2.Final\jboss-logging-3.3.2.Final.jar;E:\WEB\meavn\repository\com\fasterxml\classmate\1.3.4\classmate-1.3.4.jar;E:\WEB\meavn\repository\org\springframework\spring-web\5.0.11.RELEASE\spring-web-5.0.11.RELEASE.jar;E:\WEB\meavn\repository\org\springframework\spring-webmvc\5.0.11.RELEASE\spring-webmvc-5.0.11.RELEASE.jar;E:\WEB\meavn\repository\org\springframework\spring-expression\5.0.11.RELEASE\spring-expression-5.0.11.RELEASE.jar;E:\WEB\meavn\repository\org\springframework\boot\spring-boot-starter-thymeleaf\2.0.7.RELEASE\spring-boot-starter-thymeleaf-2.0.7.RELEASE.jar;E:\WEB\meavn\repository\org\thymeleaf\thymeleaf-spring5\3.0.11.RELEASE\thymeleaf-spring5-3.0.11.RELEASE.jar;E:\WEB\meavn\repository\org\thymeleaf\thymeleaf\3.0.11.RELEASE\thymeleaf-3.0.11.RELEASE.jar;E:\WEB\meavn\repository\org\attoparser\attoparser\2.0.5.RELEASE\attoparser-2.0.5.RELEASE.jar;E:\WEB\meavn\repository\org\unbescape\unbescape\1.1.6.RELEASE\unbescape-1.1.6.RELEASE.jar;E:\WEB\meavn\repository\org\thymeleaf\extras\thymeleaf-extras-java8time\3.0.2.RELEASE\thymeleaf-extras-java8time-3.0.2.RELEASE.jar;E:\WEB\meavn\repository\org\springframework\boot\spring-boot-starter-test\2.0.7.RELEASE\spring-boot-starter-test-2.0.7.RELEASE.jar;E:\WEB\meavn\repository\org\springframework\boot\spring-boot-test\2.0.7.RELEASE\spring-boot-test-2.0.7.RELEASE.jar;E:\WEB\meavn\repository\org\springframework\boot\spring-boot-test-autoconfigure\2.0.7.RELEASE\spring-boot-test-autoconfigure-2.0.7.RELEASE.jar;E:\WEB\meavn\repository\com\jayway\jsonpath\json-path\2.4.0\json-path-2.4.0.jar;E:\WEB\meavn\repository\net\minidev\json-smart\2.3\json-smart-2.3.jar;E:\WEB\meavn\repository\net\minidev\accessors-smart\1.2\accessors-smart-1.2.jar;E:\WEB\meavn\repository\org\assertj\assertj-core\3.9.1\assertj-core-3.9.1.jar;E:\WEB\meavn\repository\org\mockito\mockito-core\2.15.0\mockito-core-2.15.0.jar;E:\WEB\meavn\repository\net\bytebuddy\byte-buddy\1.7.11\byte-buddy-1.7.11.jar;E:\WEB\meavn\repository\net\bytebuddy\byte-buddy-agent\1.7.11\byte-buddy-agent-1.7.11.jar;E:\WEB\meavn\repository\org\objenesis\objenesis\2.6\objenesis-2.6.jar;E:\WEB\meavn\repository\org\hamcrest\hamcrest-library\1.3\hamcrest-library-1.3.jar;E:\WEB\meavn\repository\org\skyscreamer\jsonassert\1.5.0\jsonassert-1.5.0.jar;E:\WEB\meavn\repository\com\vaadin\external\google\android-json\0.0.20131108.vaadin1\android-json-0.0.20131108.vaadin1.jar;E:\WEB\meavn\repository\org\springframework\spring-test\5.0.11.RELEASE\spring-test-5.0.11.RELEASE.jar;E:\WEB\meavn\repository\org\xmlunit\xmlunit-core\2.5.1\xmlunit-core-2.5.1.jar;E:\WEB\meavn\repository\org\projectlombok\lombok\1.18.6\lombok-1.18.6.jar;E:\WEB\meavn\repository\org\mybatis\spring\boot\mybatis-spring-boot-starter\1.3.2\mybatis-spring-boot-starter-1.3.2.jar;E:\WEB\meavn\repository\org\springframework\boot\spring-boot-starter-jdbc\2.0.7.RELEASE\spring-boot-starter-jdbc-2.0.7.RELEASE.jar;E:\WEB\meavn\repository\com\zaxxer\HikariCP\2.7.9\HikariCP-2.7.9.jar;E:\WEB\meavn\repository\org\springframework\spring-jdbc\5.0.11.RELEASE\spring-jdbc-5.0.11.RELEASE.jar;E:\WEB\meavn\repository\org\mybatis\spring\boot\mybatis-spring-boot-autoconfigure\1.3.2\mybatis-spring-boot-autoconfigure-1.3.2.jar;E:\WEB\meavn\repository\org\mybatis\mybatis\3.4.6\mybatis-3.4.6.jar;E:\WEB\meavn\repository\org\mybatis\mybatis-spring\1.3.2\mybatis-spring-1.3.2.jar;E:\WEB\meavn\repository\org\springframework\boot\spring-boot-starter-data-redis\2.0.7.RELEASE\spring-boot-starter-data-redis-2.0.7.RELEASE.jar;E:\WEB\meavn\repository\org\springframework\data\spring-data-redis\2.0.12.RELEASE\spring-data-redis-2.0.12.RELEASE.jar;E:\WEB\meavn\repository\org\springframework\data\spring-data-keyvalue\2.0.12.RELEASE\spring-data-keyvalue-2.0.12.RELEASE.jar;E:\WEB\meavn\repository\org\springframework\data\spring-data-commons\2.0.12.RELEASE\spring-data-commons-2.0.12.RELEASE.jar;E:\WEB\meavn\repository\org\springframework\spring-tx\5.0.11.RELEASE\spring-tx-5.0.11.RELEASE.jar;E:\WEB\meavn\repository\org\springframework\spring-oxm\5.0.11.RELEASE\spring-oxm-5.0.11.RELEASE.jar;E:\WEB\meavn\repository\org\springframework\spring-context-support\5.0.11.RELEASE\spring-context-support-5.0.11.RELEASE.jar;E:\WEB\meavn\repository\io\lettuce\lettuce-core\5.0.5.RELEASE\lettuce-core-5.0.5.RELEASE.jar;E:\WEB\meavn\repository\io\projectreactor\reactor-core\3.1.12.RELEASE\reactor-core-3.1.12.RELEASE.jar;E:\WEB\meavn\repository\org\reactivestreams\reactive-streams\1.0.2\reactive-streams-1.0.2.jar;E:\WEB\meavn\repository\io\netty\netty-common\4.1.31.Final\netty-common-4.1.31.Final.jar;E:\WEB\meavn\repository\io\netty\netty-transport\4.1.31.Final\netty-transport-4.1.31.Final.jar;E:\WEB\meavn\repository\io\netty\netty-buffer\4.1.31.Final\netty-buffer-4.1.31.Final.jar;E:\WEB\meavn\repository\io\netty\netty-resolver\4.1.31.Final\netty-resolver-4.1.31.Final.jar;E:\WEB\meavn\repository\io\netty\netty-handler\4.1.31.Final\netty-handler-4.1.31.Final.jar;E:\WEB\meavn\repository\io\netty\netty-codec\4.1.31.Final\netty-codec-4.1.31.Final.jar;E:\WEB\meavn\repository\mysql\mysql-connector-java\5.1.47\mysql-connector-java-5.1.47.jar;E:\WEB\meavn\repository\com\github\pagehelper\pagehelper\5.1.2\pagehelper-5.1.2.jar;E:\WEB\meavn\repository\com\github\jsqlparser\jsqlparser\1.0\jsqlparser-1.0.jar;E:\WEB\meavn\repository\io\seata\seata-all\1.2.0\seata-all-1.2.0.jar;E:\WEB\meavn\repository\org\springframework\spring-context\5.0.11.RELEASE\spring-context-5.0.11.RELEASE.jar;E:\WEB\meavn\repository\org\springframework\spring-beans\5.0.11.RELEASE\spring-beans-5.0.11.RELEASE.jar;E:\WEB\meavn\repository\org\springframework\spring-aop\5.0.11.RELEASE\spring-aop-5.0.11.RELEASE.jar;E:\WEB\meavn\repository\io\netty\netty-all\4.1.31.Final\netty-all-4.1.31.Final.jar;E:\WEB\meavn\repository\com\alibaba\fastjson\1.2.60\fastjson-1.2.60.jar;E:\WEB\meavn\repository\com\typesafe\config\1.2.1\config-1.2.1.jar;E:\WEB\meavn\repository\commons-lang\commons-lang\2.6\commons-lang-2.6.jar;E:\WEB\meavn\repository\org\apache\commons\commons-pool2\2.5.0\commons-pool2-2.5.0.jar;E:\WEB\meavn\repository\commons-pool\commons-pool\1.6\commons-pool-1.6.jar;E:\WEB\meavn\repository\com\google\protobuf\protobuf-java\3.7.1\protobuf-java-3.7.1.jar;E:\WEB\meavn\repository\cglib\cglib\3.1\cglib-3.1.jar;E:\WEB\meavn\repository\org\ow2\asm\asm\4.2\asm-4.2.jar;E:\WEB\meavn\repository\aopalliance\aopalliance\1.0\aopalliance-1.0.jar;E:\WEB\meavn\repository\com\github\ben-manes\caffeine\caffeine\2.6.2\caffeine-2.6.2.jar;E:\WEB\meavn\repository\org\postgresql\postgresql\42.2.5\postgresql-42.2.5.jar;E:\WEB\meavn\repository\com\alibaba\druid\1.1.10\druid-1.1.10.jar;"/>
    <property name="sun.cpu.endian" value="little"/>
    <property name="maven.wagon.http.ssl.insecure" value="true"/>
    <property name="user.home" value="C:\Users\Lenovo"/>
    <property name="user.language" value="zh"/>
    <property name="java.specification.vendor" value="Oracle Corporation"/>
    <property name="java.home" value="E:\Java\JDK8_191\jdk1.8.0_191\jre"/>
    <property name="basedir" value="F:\练习\dubboPractise\shop-system\user-service"/>
    <property name="file.separator" value="\"/>
    <property name="line.separator" value="&#10;"/>
    <property name="java.vm.specification.vendor" value="Oracle Corporation"/>
    <property name="java.specification.name" value="Java Platform API Specification"/>
    <property name="java.awt.graphicsenv" value="sun.awt.Win32GraphicsEnvironment"/>
    <property name="surefire.real.class.path" value="C:\Users\Lenovo\AppData\Local\Temp\surefire1697169468060968264\surefirebooter2565185718841195209.jar"/>
    <property name="sun.boot.class.path" value="E:\Java\JDK8_191\jdk1.8.0_191\jre\lib\resources.jar;E:\Java\JDK8_191\jdk1.8.0_191\jre\lib\rt.jar;E:\Java\JDK8_191\jdk1.8.0_191\jre\lib\sunrsasign.jar;E:\Java\JDK8_191\jdk1.8.0_191\jre\lib\jsse.jar;E:\Java\JDK8_191\jdk1.8.0_191\jre\lib\jce.jar;E:\Java\JDK8_191\jdk1.8.0_191\jre\lib\charsets.jar;E:\Java\JDK8_191\jdk1.8.0_191\jre\lib\jfr.jar;E:\Java\JDK8_191\jdk1.8.0_191\jre\classes"/>
    <property name="user.script" value=""/>
    <property name="sun.management.compiler" value="HotSpot 64-Bit Tiered Compilers"/>
    <property name="java.runtime.version" value="1.8.0_191-b12"/>
    <property name="user.name" value="Lenovo"/>
    <property name="path.separator" value=";"/>
    <property name="os.version" value="10.0"/>
    <property name="java.endorsed.dirs" value="E:\Java\JDK8_191\jdk1.8.0_191\jre\lib\endorsed"/>
    <property name="java.runtime.name" value="Java(TM) SE Runtime Environment"/>
    <property name="file.encoding" value="GBK"/>
    <property name="java.vm.name" value="Java HotSpot(TM) 64-Bit Server VM"/>
    <property name="localRepository" value="E:\WEB\meavn\repository"/>
    <property name="java.vendor.url.bug" value="http://bugreport.sun.com/bugreport/"/>
    <property name="java.io.tmpdir" value="C:\Users\Lenovo\AppData\Local\Temp\"/>
    <property name="idea.version" value="2018.2.4"/>
    <property name="java.version" value="1.8.0_191"/>
    <property name="user.dir" value="F:\练习\dubboPractise\shop-system\user-service"/>
    <property name="os.arch" value="amd64"/>
    <property name="java.vm.specification.name" value="Java Virtual Machine Specification"/>
    <property name="java.awt.printerjob" value="sun.awt.windows.WPrinterJob"/>
    <property name="sun.os.patch.level" value=""/>
    <property name="java.library.path" value="E:\Java\JDK8_191\jdk1.8.0_191\jre\bin;C:\WINDOWS\Sun\Java\bin;C:\WINDOWS\system32;C:\WINDOWS;E:\WEB\Oracle\product\11.2.0\dbhome_1\bin;C:\Program Files (x86)\Common Files\Oracle\Java\javapath;E:\WEB\Xshell\intall\;E:\Dailysoftware\pycharm\python-3.7.3-amd64\Scripts\;E:\Dailysoftware\pycharm\python-3.7.3-amd64\;E:\Java\JDK8_191\jdk1.8.0_191\bin;C:\Program Files (x86)\Common Files\Intel\Shared Libraries\redist\intel64\compiler;C:\Windows\system32;C:\Windows;C:\Windows\System32\Wbem;C:\Windows\System32\WindowsPowerShell\v1.0\;C:\Program Files (x86)\NVIDIA Corporation\PhysX\Common;C:\Program Files\Common Files\Autodesk Shared\;C:\Program Files\Microsoft SQL Server\110\Tools\Binn\;C:\WINDOWS\system32;C:\WINDOWS;C:\WINDOWS\System32\Wbem;C:\WINDOWS\System32\WindowsPowerShell\v1.0\;C:\Program Files (x86)\GtkSharp\2.12\bin;C:\Program Files (x86)\Windows Kits\8.1\Windows Performance Toolkit\;C:\WINDOWS\System32\OpenSSH\;C:\Program Files (x86)\MySQL\MySQL Server 5.6\bin;E:\WEB\SVN\install\bin;E:\WEB\Git\install\Git\cmd;E:\WEB\NodeJs\;E:\WEB\meavn\apache-maven-3.5.2\bin;C:\Users\Lenovo\AppData\Local\Microsoft\WindowsApps;E:\部分软件\压缩软件\;C:\Users\Lenovo\AppData\Roaming\npm;C:\Users\Lenovo\AppData\Local\BypassRuntm;E:\Dailysoftware\VSCode\install\Microsoft VS Code\bin;."/>
    <property name="java.vm.info" value="mixed mode"/>
    <property name="java.vendor" value="Oracle Corporation"/>
    <property name="java.vm.version" value="25.191-b12"/>
    <property name="java.ext.dirs" value="E:\Java\JDK8_191\jdk1.8.0_191\jre\lib\ext;C:\WINDOWS\Sun\Java\lib\ext"/>
    <property name="sun.io.unicode.encoding" value="UnicodeLittle"/>
    <property name="java.class.version" value="52.0"/>
  </properties>
  <testcase name="shouldAnswerWithTrue" classname="com.chl.AppTest" time="0.001"/>
</testsuite>